<?xml version="1.0" encoding="UTF-8"?>
<!-- Generated by org.testng.reporters.JUnitReportReporter -->
<testsuite hostname="mashok-67" failures="0" tests="1" name="com.orangehrm.testcases.LoginNFW" time="3.138" errors="0" timestamp="31 Mar 2021 14:12:23 GMT">
  <testcase classname="com.orangehrm.testcases.LoginNFW" name="loginApp" time="3.138"/>
</testsuite> <!-- com.orangehrm.testcases.LoginNFW -->
