<?xml version="1.0" encoding="UTF-8"?>
<!-- Generated by org.testng.reporters.JUnitReportReporter -->
<testsuite hostname="mashok-67" failures="0" tests="1" name="com.orangehrm.testcases.LoginTest" time="5.553" errors="0" timestamp="8 Apr 2021 07:46:40 GMT">
  <testcase classname="com.orangehrm.testcases.LoginTest" name="loginApp" time="5.553"/>
</testsuite> <!-- com.orangehrm.testcases.LoginTest -->
